<?xml version="1.0" encoding="UTF-8"?>
<!-- Generated by org.testng.reporters.JUnitXMLReporter -->
<testsuite hostname="LAPTOP-OSSCLHS4" name="walmartaccount" tests="3" failures="0" timestamp="29 Nov 2020 00:57:44 GMT" time="50.76" errors="0">
  <testcase name="walmartaccount" time="3.777" classname="test_cases.Walmart_account"/>
  <testcase name="walmartaccount" time="3.77" classname="test_cases.Walmart_account"/>
  <testcase name="walmartaccount" time="5.027" classname="test_cases.Walmart_account"/>
</testsuite> <!-- walmartaccount -->
