<?xml version="1.0" encoding="UTF-8"?>
<testng-results skipped="0" failed="0" total="1" passed="1">
  <reporter-output>
  </reporter-output>
  <suite name="Testwalmart" duration-ms="25497" started-at="2020-12-10T03:29:24Z" finished-at="2020-12-10T03:29:50Z">
    <groups>
    </groups>
    <test name="account create " duration-ms="25497" started-at="2020-12-10T03:29:24Z" finished-at="2020-12-10T03:29:50Z">
      <class name="test_cases.Walmart_account">
        <test-method status="PASS" signature="beforesuite()[pri:0, instance:test_cases.Walmart_account@71318ec4]" name="beforesuite" is-config="true" duration-ms="18" started-at="2020-12-09T22:29:24Z" finished-at="2020-12-09T22:29:24Z">
          <reporter-output>
          </reporter-output>
        </test-method> <!-- beforesuite -->
        <test-method status="PASS" signature="browseropen(java.lang.String, java.lang.String)[pri:0, instance:test_cases.Walmart_account@71318ec4]" name="browseropen" is-config="true" duration-ms="19465" started-at="2020-12-09T22:29:24Z" finished-at="2020-12-09T22:29:44Z">
          <params>
            <param index="0">
              <value>
                <![CDATA[firefox]]>
              </value>
            </param>
            <param index="1">
              <value>
                <![CDATA[https://www.walmart.com/]]>
              </value>
            </param>
          </params>
          <reporter-output>
          </reporter-output>
        </test-method> <!-- browseropen -->
        <test-method status="PASS" signature="walmartaccount()[pri:0, instance:test_cases.Walmart_account@71318ec4]" name="walmartaccount" duration-ms="6016" started-at="2020-12-09T22:29:44Z" finished-at="2020-12-09T22:29:50Z">
          <reporter-output>
          </reporter-output>
        </test-method> <!-- walmartaccount -->
        <test-method status="PASS" signature="closedriver()[pri:0, instance:test_cases.Walmart_account@71318ec4]" name="closedriver" is-config="true" duration-ms="0" started-at="2020-12-09T22:29:50Z" finished-at="2020-12-09T22:29:50Z">
          <reporter-output>
          </reporter-output>
        </test-method> <!-- closedriver -->
        <test-method status="PASS" signature="aftersuite()[pri:0, instance:test_cases.Walmart_account@71318ec4]" name="aftersuite" is-config="true" duration-ms="1" started-at="2020-12-09T22:29:50Z" finished-at="2020-12-09T22:29:50Z">
          <reporter-output>
          </reporter-output>
        </test-method> <!-- aftersuite -->
      </class> <!-- test_cases.Walmart_account -->
    </test> <!-- account create  -->
  </suite> <!-- Testwalmart -->
</testng-results>
